<?xml version="1.0" encoding="UTF-8"?>
<!-- Generated by org.testng.reporters.JUnitXMLReporter -->
<testsuite ignored="2" hostname="Ronaks-MBP.attlocal.net" failures="0" tests="1" name="Default test" time="6.426" errors="0" timestamp="2022-06-27T17:33:31 PDT">
  <testcase classname="RestAssuredAutomation.OAuth2_PojoDeserialization" name="OAuth" time="6.351"/>
  <testcase classname="RestAssuredAutomation.OAuth2_PojoDeserialization" name="runCommandToOpenChromeOnSpecificPort" time="0.0">
    <ignored/>
  </testcase> <!-- runCommandToOpenChromeOnSpecificPort -->
  <testcase classname="RestAssuredAutomation.OAuth2_PojoDeserialization" name="initializeDriverToExistingBrowser" time="0.0">
    <ignored/>
  </testcase> <!-- initializeDriverToExistingBrowser -->
</testsuite> <!-- Default test -->
