<?xml version="1.0" encoding="UTF-8"?>
<testng-results ignored="2" total="3" passed="1" failed="0" skipped="0">
  <reporter-output>
  </reporter-output>
  <suite started-at="2022-06-27T17:33:24 PDT" name="Default suite" finished-at="2022-06-27T17:33:31 PDT" duration-ms="6426">
    <groups>
    </groups>
    <test started-at="2022-06-27T17:33:24 PDT" name="Default test" finished-at="2022-06-27T17:33:31 PDT" duration-ms="6426">
      <class name="RestAssuredAutomation.OAuth2_PojoDeserialization">
        <test-method signature="OAuth()[pri:0, instance:RestAssuredAutomation.OAuth2_PojoDeserialization@2ef3eef9]" started-at="2022-06-27T17:33:24 PDT" name="OAuth" finished-at="2022-06-27T17:33:31 PDT" duration-ms="6351" status="PASS">
          <reporter-output>
          </reporter-output>
        </test-method> <!-- OAuth -->
        <test-method is-config="true" signature="tearDown()[pri:0, instance:RestAssuredAutomation.OAuth2_PojoDeserialization@2ef3eef9]" started-at="2022-06-27T17:33:31 PDT" name="tearDown" finished-at="2022-06-27T17:33:31 PDT" duration-ms="6" status="PASS">
          <reporter-output>
          </reporter-output>
        </test-method> <!-- tearDown -->
      </class> <!-- RestAssuredAutomation.OAuth2_PojoDeserialization -->
    </test> <!-- Default test -->
  </suite> <!-- Default suite -->
</testng-results>
