<?xml version="1.0" encoding="UTF-8"?>
<testng-results ignored="0" total="1" passed="1" failed="0" skipped="0">
  <reporter-output>
  </reporter-output>
  <suite started-at="2022-06-22T12:34:35 PDT" name="Default suite" finished-at="2022-06-22T12:34:43 PDT" duration-ms="8284">
    <groups>
    </groups>
    <test started-at="2022-06-22T12:34:35 PDT" name="Default test" finished-at="2022-06-22T12:34:43 PDT" duration-ms="8284">
      <class name="RestAssuredAutomation.GoogleMaps_SpecBuilder">
        <test-method signature="GoogleMaps()[pri:0, instance:RestAssuredAutomation.GoogleMaps_SpecBuilder@39529185]" started-at="2022-06-22T12:34:35 PDT" name="GoogleMaps" finished-at="2022-06-22T12:34:43 PDT" duration-ms="8201" status="PASS">
          <reporter-output>
          </reporter-output>
        </test-method> <!-- GoogleMaps -->
      </class> <!-- RestAssuredAutomation.GoogleMaps_SpecBuilder -->
    </test> <!-- Default test -->
  </suite> <!-- Default suite -->
</testng-results>
